DEBUG:root:This is a debug message
DEBUG:celery.utils.functional:
def unlock_chord(self, group_id, callback, interval=0, max_retries=1, result=2, Result=3, GroupResult=4, result_from_tuple=5, **kwargs):
    return 1

DEBUG:celery.utils.functional:
def group(self, tasks, result, group_id, partial_args, add_to_parent=0):
    return 1

DEBUG:celery.utils.functional:
def send_chat_request(user_id, project_id, session, total_tokens, answer, context):
    return 1

DEBUG:celery.utils.functional:
def xmap(task, it):
    return 1

DEBUG:celery.utils.functional:
def sendEmbeddingRequest(user_id, total_tokens):
    return 1

DEBUG:celery.utils.functional:
def backend_cleanup():
    return 1

DEBUG:celery.utils.functional:
def set_vector_index_task(self, token):
    return 1

DEBUG:celery.utils.functional:
def process_set_vector_index(self, token, task_id):
    return 1

DEBUG:celery.utils.functional:
def chain(*args, **kwargs):
    return 1

DEBUG:celery.utils.functional:
def xstarmap(task, it):
    return 1

DEBUG:celery.utils.functional:
def accumulate(self, *args, **kwargs):
    return 1

DEBUG:celery.utils.functional:
def chord(self, header, body, partial_args=0, interval=1, countdown=2, max_retries=3, eager=4, **kwargs):
    return 1

DEBUG:celery.utils.functional:
def chunks(task, it, n):
    return 1

DEBUG:myapp:Flask app started
INFO:werkzeug:[31m[1mWARNING: This is a development server. Do not use it in a production deployment. Use a production WSGI server instead.[0m
 * Running on http://127.0.0.1:5000
INFO:werkzeug:[33mPress CTRL+C to quit[0m
DEBUG:root:This is a debug message
DEBUG:celery.utils.functional:
def unlock_chord(self, group_id, callback, interval=0, max_retries=1, result=2, Result=3, GroupResult=4, result_from_tuple=5, **kwargs):
    return 1

DEBUG:celery.utils.functional:
def group(self, tasks, result, group_id, partial_args, add_to_parent=0):
    return 1

DEBUG:celery.utils.functional:
def send_chat_request(user_id, project_id, session, total_tokens, answer, context):
    return 1

DEBUG:celery.utils.functional:
def xmap(task, it):
    return 1

DEBUG:celery.utils.functional:
def sendEmbeddingRequest(user_id, total_tokens):
    return 1

DEBUG:celery.utils.functional:
def backend_cleanup():
    return 1

DEBUG:celery.utils.functional:
def set_vector_index_task(self, token):
    return 1

DEBUG:celery.utils.functional:
def process_set_vector_index(self, token, task_id):
    return 1

DEBUG:celery.utils.functional:
def chain(*args, **kwargs):
    return 1

DEBUG:celery.utils.functional:
def xstarmap(task, it):
    return 1

DEBUG:celery.utils.functional:
def accumulate(self, *args, **kwargs):
    return 1

DEBUG:celery.utils.functional:
def chord(self, header, body, partial_args=0, interval=1, countdown=2, max_retries=3, eager=4, **kwargs):
    return 1

DEBUG:celery.utils.functional:
def chunks(task, it, n):
    return 1

INFO:werkzeug:127.0.0.1 - - [20/Jan/2024 22:12:21] "OPTIONS /files/88a9fb231d92d6a17babf357e0c632d717611d388ea0f902fb1148cde936a77b HTTP/1.1" 200 -
INFO:werkzeug:127.0.0.1 - - [20/Jan/2024 22:12:21] "GET /files/88a9fb231d92d6a17babf357e0c632d717611d388ea0f902fb1148cde936a77b HTTP/1.1" 200 -
INFO:werkzeug:127.0.0.1 - - [20/Jan/2024 22:12:21] "GET /files/88a9fb231d92d6a17babf357e0c632d717611d388ea0f902fb1148cde936a77b HTTP/1.1" 200 -
DEBUG:root:This is a debug message
DEBUG:celery.utils.functional:
def set_vector_index_task(self, token):
    return 1

INFO:werkzeug:127.0.0.1 - - [20/Jan/2024 22:12:39] "[35m[1mGET /index/88a9fb231d92d6a17babf357e0c632d717611d388ea0f902fb1148cde936a77b HTTP/1.1[0m" 202 -
INFO:werkzeug:127.0.0.1 - - [20/Jan/2024 22:13:08] "OPTIONS /files/88a9fb231d92d6a17babf357e0c632d717611d388ea0f902fb1148cde936a77b HTTP/1.1" 200 -
INFO:werkzeug:127.0.0.1 - - [20/Jan/2024 22:13:08] "GET /files/88a9fb231d92d6a17babf357e0c632d717611d388ea0f902fb1148cde936a77b HTTP/1.1" 200 -
INFO:werkzeug:127.0.0.1 - - [20/Jan/2024 22:13:08] "GET /files/88a9fb231d92d6a17babf357e0c632d717611d388ea0f902fb1148cde936a77b HTTP/1.1" 200 -
DEBUG:myapp:Flask app started
INFO:werkzeug:[31m[1mWARNING: This is a development server. Do not use it in a production deployment. Use a production WSGI server instead.[0m
 * Running on http://127.0.0.1:5000
INFO:werkzeug:[33mPress CTRL+C to quit[0m
DEBUG:root:This is a debug message
DEBUG:celery.utils.functional:
def unlock_chord(self, group_id, callback, interval=0, max_retries=1, result=2, Result=3, GroupResult=4, result_from_tuple=5, **kwargs):
    return 1

DEBUG:celery.utils.functional:
def group(self, tasks, result, group_id, partial_args, add_to_parent=0):
    return 1

DEBUG:celery.utils.functional:
def send_chat_request(user_id, project_id, session, total_tokens, answer, context):
    return 1

DEBUG:celery.utils.functional:
def xmap(task, it):
    return 1

DEBUG:celery.utils.functional:
def sendEmbeddingRequest(user_id, total_tokens):
    return 1

DEBUG:celery.utils.functional:
def backend_cleanup():
    return 1

DEBUG:celery.utils.functional:
def set_vector_index_task(self, token):
    return 1

DEBUG:celery.utils.functional:
def process_set_vector_index(self, token, task_id):
    return 1

DEBUG:celery.utils.functional:
def chain(*args, **kwargs):
    return 1

DEBUG:celery.utils.functional:
def xstarmap(task, it):
    return 1

DEBUG:celery.utils.functional:
def accumulate(self, *args, **kwargs):
    return 1

DEBUG:celery.utils.functional:
def chord(self, header, body, partial_args=0, interval=1, countdown=2, max_retries=3, eager=4, **kwargs):
    return 1

DEBUG:celery.utils.functional:
def chunks(task, it, n):
    return 1

INFO:werkzeug:127.0.0.1 - - [20/Jan/2024 22:14:26] "OPTIONS /files/88a9fb231d92d6a17babf357e0c632d717611d388ea0f902fb1148cde936a77b HTTP/1.1" 200 -
INFO:werkzeug:127.0.0.1 - - [20/Jan/2024 22:14:26] "GET /files/88a9fb231d92d6a17babf357e0c632d717611d388ea0f902fb1148cde936a77b HTTP/1.1" 200 -
INFO:werkzeug:127.0.0.1 - - [20/Jan/2024 22:14:26] "GET /files/88a9fb231d92d6a17babf357e0c632d717611d388ea0f902fb1148cde936a77b HTTP/1.1" 200 -
INFO:werkzeug:127.0.0.1 - - [20/Jan/2024 22:15:01] "OPTIONS /files/88a9fb231d92d6a17babf357e0c632d717611d388ea0f902fb1148cde936a77b HTTP/1.1" 200 -
INFO:werkzeug:127.0.0.1 - - [20/Jan/2024 22:15:01] "GET /files/88a9fb231d92d6a17babf357e0c632d717611d388ea0f902fb1148cde936a77b HTTP/1.1" 200 -
INFO:werkzeug:127.0.0.1 - - [20/Jan/2024 22:15:01] "GET /files/88a9fb231d92d6a17babf357e0c632d717611d388ea0f902fb1148cde936a77b HTTP/1.1" 200 -
DEBUG:root:This is a debug message
DEBUG:celery.utils.functional:
def set_vector_index_task(self, token):
    return 1

INFO:werkzeug:127.0.0.1 - - [20/Jan/2024 22:15:06] "[35m[1mGET /index/88a9fb231d92d6a17babf357e0c632d717611d388ea0f902fb1148cde936a77b HTTP/1.1[0m" 202 -
DEBUG:myapp:Flask app started
INFO:werkzeug:[31m[1mWARNING: This is a development server. Do not use it in a production deployment. Use a production WSGI server instead.[0m
 * Running on http://127.0.0.1:5000
INFO:werkzeug:[33mPress CTRL+C to quit[0m
DEBUG:root:This is a debug message
DEBUG:celery.utils.functional:
def unlock_chord(self, group_id, callback, interval=0, max_retries=1, result=2, Result=3, GroupResult=4, result_from_tuple=5, **kwargs):
    return 1

DEBUG:celery.utils.functional:
def group(self, tasks, result, group_id, partial_args, add_to_parent=0):
    return 1

DEBUG:celery.utils.functional:
def send_chat_request(user_id, project_id, session, total_tokens, answer, context):
    return 1

DEBUG:celery.utils.functional:
def xmap(task, it):
    return 1

DEBUG:celery.utils.functional:
def sendEmbeddingRequest(user_id, total_tokens):
    return 1

DEBUG:celery.utils.functional:
def backend_cleanup():
    return 1

DEBUG:celery.utils.functional:
def set_vector_index_task(self, token):
    return 1

DEBUG:celery.utils.functional:
def process_set_vector_index(self, token, task_id):
    return 1

DEBUG:celery.utils.functional:
def chain(*args, **kwargs):
    return 1

DEBUG:celery.utils.functional:
def xstarmap(task, it):
    return 1

DEBUG:celery.utils.functional:
def accumulate(self, *args, **kwargs):
    return 1

DEBUG:celery.utils.functional:
def chord(self, header, body, partial_args=0, interval=1, countdown=2, max_retries=3, eager=4, **kwargs):
    return 1

DEBUG:celery.utils.functional:
def chunks(task, it, n):
    return 1

DEBUG:root:This is a debug message
DEBUG:celery.utils.functional:
def set_vector_index_task(self, token):
    return 1

INFO:werkzeug:127.0.0.1 - - [20/Jan/2024 22:19:40] "[35m[1mGET /index/88a9fb231d92d6a17babf357e0c632d717611d388ea0f902fb1148cde936a77b HTTP/1.1[0m" 202 -
DEBUG:myapp:Flask app started
INFO:werkzeug:[31m[1mWARNING: This is a development server. Do not use it in a production deployment. Use a production WSGI server instead.[0m
 * Running on http://127.0.0.1:5000
INFO:werkzeug:[33mPress CTRL+C to quit[0m
DEBUG:root:This is a debug message
DEBUG:celery.utils.functional:
def unlock_chord(self, group_id, callback, interval=0, max_retries=1, result=2, Result=3, GroupResult=4, result_from_tuple=5, **kwargs):
    return 1

DEBUG:celery.utils.functional:
def group(self, tasks, result, group_id, partial_args, add_to_parent=0):
    return 1

DEBUG:celery.utils.functional:
def send_chat_request(user_id, project_id, session, total_tokens, answer, context):
    return 1

DEBUG:celery.utils.functional:
def xmap(task, it):
    return 1

DEBUG:celery.utils.functional:
def sendEmbeddingRequest(user_id, total_tokens):
    return 1

DEBUG:celery.utils.functional:
def backend_cleanup():
    return 1

DEBUG:celery.utils.functional:
def set_vector_index_task(self, token):
    return 1

DEBUG:celery.utils.functional:
def process_set_vector_index(self, token, task_id):
    return 1

DEBUG:celery.utils.functional:
def chain(*args, **kwargs):
    return 1

DEBUG:celery.utils.functional:
def xstarmap(task, it):
    return 1

DEBUG:celery.utils.functional:
def accumulate(self, *args, **kwargs):
    return 1

DEBUG:celery.utils.functional:
def chord(self, header, body, partial_args=0, interval=1, countdown=2, max_retries=3, eager=4, **kwargs):
    return 1

DEBUG:celery.utils.functional:
def chunks(task, it, n):
    return 1

INFO:werkzeug:127.0.0.1 - - [20/Jan/2024 22:20:41] "OPTIONS /files/88a9fb231d92d6a17babf357e0c632d717611d388ea0f902fb1148cde936a77b HTTP/1.1" 200 -
INFO:werkzeug:127.0.0.1 - - [20/Jan/2024 22:20:41] "GET /files/88a9fb231d92d6a17babf357e0c632d717611d388ea0f902fb1148cde936a77b HTTP/1.1" 200 -
INFO:werkzeug:127.0.0.1 - - [20/Jan/2024 22:20:41] "GET /files/88a9fb231d92d6a17babf357e0c632d717611d388ea0f902fb1148cde936a77b HTTP/1.1" 200 -
INFO:werkzeug:127.0.0.1 - - [20/Jan/2024 22:21:36] "OPTIONS /files/88a9fb231d92d6a17babf357e0c632d717611d388ea0f902fb1148cde936a77b HTTP/1.1" 200 -
INFO:werkzeug:127.0.0.1 - - [20/Jan/2024 22:21:36] "GET /files/88a9fb231d92d6a17babf357e0c632d717611d388ea0f902fb1148cde936a77b HTTP/1.1" 200 -
INFO:werkzeug:127.0.0.1 - - [20/Jan/2024 22:21:36] "GET /files/88a9fb231d92d6a17babf357e0c632d717611d388ea0f902fb1148cde936a77b HTTP/1.1" 200 -
DEBUG:root:This is a debug message
DEBUG:celery.utils.functional:
def set_vector_index_task(self, token):
    return 1

INFO:werkzeug:127.0.0.1 - - [20/Jan/2024 22:21:41] "[35m[1mGET /index/88a9fb231d92d6a17babf357e0c632d717611d388ea0f902fb1148cde936a77b HTTP/1.1[0m" 202 -
DEBUG:root:This is a debug message
DEBUG:celery.utils.functional:
def unlock_chord(self, group_id, callback, interval=0, max_retries=1, result=2, Result=3, GroupResult=4, result_from_tuple=5, **kwargs):
    return 1

DEBUG:celery.utils.functional:
def group(self, tasks, result, group_id, partial_args, add_to_parent=0):
    return 1

DEBUG:celery.utils.functional:
def send_chat_request(user_id, project_id, session, total_tokens, answer, context):
    return 1

DEBUG:celery.utils.functional:
def xmap(task, it):
    return 1

DEBUG:celery.utils.functional:
def sendEmbeddingRequest(user_id, total_tokens):
    return 1

DEBUG:celery.utils.functional:
def backend_cleanup():
    return 1

DEBUG:celery.utils.functional:
def set_vector_index_task(self, token):
    return 1

DEBUG:celery.utils.functional:
def process_set_vector_index(self, token, task_id):
    return 1

DEBUG:celery.utils.functional:
def chain(*args, **kwargs):
    return 1

DEBUG:celery.utils.functional:
def xstarmap(task, it):
    return 1

DEBUG:celery.utils.functional:
def accumulate(self, *args, **kwargs):
    return 1

DEBUG:celery.utils.functional:
def chord(self, header, body, partial_args=0, interval=1, countdown=2, max_retries=3, eager=4, **kwargs):
    return 1

DEBUG:celery.utils.functional:
def chunks(task, it, n):
    return 1

DEBUG:myapp:Flask app started
INFO:werkzeug:[31m[1mWARNING: This is a development server. Do not use it in a production deployment. Use a production WSGI server instead.[0m
 * Running on http://127.0.0.1:5000
INFO:werkzeug:[33mPress CTRL+C to quit[0m
INFO:werkzeug:127.0.0.1 - - [20/Jan/2024 22:23:17] "OPTIONS /files/88a9fb231d92d6a17babf357e0c632d717611d388ea0f902fb1148cde936a77b HTTP/1.1" 200 -
INFO:werkzeug:127.0.0.1 - - [20/Jan/2024 22:23:17] "[33mGET /files/88a9fb231d92d6a17babf357e0c632d717611d388ea0f902fb1148cde936a77b HTTP/1.1[0m" 404 -
INFO:werkzeug:127.0.0.1 - - [20/Jan/2024 22:23:17] "[33mGET /files/88a9fb231d92d6a17babf357e0c632d717611d388ea0f902fb1148cde936a77b HTTP/1.1[0m" 404 -
DEBUG:myapp:Flask app started
INFO:werkzeug:[31m[1mWARNING: This is a development server. Do not use it in a production deployment. Use a production WSGI server instead.[0m
 * Running on http://127.0.0.1:5000
INFO:werkzeug:[33mPress CTRL+C to quit[0m
DEBUG:root:This is a debug message
DEBUG:celery.utils.functional:
def unlock_chord(self, group_id, callback, interval=0, max_retries=1, result=2, Result=3, GroupResult=4, result_from_tuple=5, **kwargs):
    return 1

DEBUG:celery.utils.functional:
def group(self, tasks, result, group_id, partial_args, add_to_parent=0):
    return 1

DEBUG:celery.utils.functional:
def send_chat_request(user_id, project_id, session, total_tokens, answer, context):
    return 1

DEBUG:celery.utils.functional:
def xmap(task, it):
    return 1

DEBUG:celery.utils.functional:
def sendEmbeddingRequest(user_id, total_tokens):
    return 1

DEBUG:celery.utils.functional:
def backend_cleanup():
    return 1

DEBUG:celery.utils.functional:
def set_vector_index_task(self, token):
    return 1

DEBUG:celery.utils.functional:
def process_set_vector_index(self, token, task_id):
    return 1

DEBUG:celery.utils.functional:
def chain(*args, **kwargs):
    return 1

DEBUG:celery.utils.functional:
def xstarmap(task, it):
    return 1

DEBUG:celery.utils.functional:
def accumulate(self, *args, **kwargs):
    return 1

DEBUG:celery.utils.functional:
def chord(self, header, body, partial_args=0, interval=1, countdown=2, max_retries=3, eager=4, **kwargs):
    return 1

DEBUG:celery.utils.functional:
def chunks(task, it, n):
    return 1

